<?xml version="1.0" encoding="UTF-8"?>
<!-- Generated by org.testng.reporters.JUnitXMLReporter -->
<testsuite hostname="Hitu-Mehul" ignored="0" name="Banking Test" tests="10" failures="0" timestamp="30 Apr 2019 19:17:26 GMT" time="52.102" errors="0">
  <testcase name="getGoogleTitle" time="1.236" classname="com.banking.testCases.TC_LoginTest_001"/>
  <testcase name="getfbTitle" time="3.192" classname="com.banking.testCases.TC_LoginTest_001"/>
  <testcase name="loginTest" time="3.956" classname="com.banking.testCases.TC_LoginTest_001"/>
  <testcase name="getData" time="3.329" classname="com.banking.testCases.TC_LoginDDT_002"/>
  <testcase name="getData" time="1.67" classname="com.banking.testCases.TC_LoginDDT_002"/>
  <testcase name="clickOnEditCustomer" time="0.586" classname="com.banking.testCases.TC_HomePageLinks_001"/>
  <testcase name="clickOnNewCustomer" time="0.692" classname="com.banking.testCases.TC_HomePageLinks_001"/>
  <testcase name="addNewCustomer2" time="0.945" classname="com.banking.testCases.TC_NewCustomer_DDT_001"/>
  <testcase name="addNewCustomer2" time="1.279" classname="com.banking.testCases.TC_NewCustomer_DDT_001"/>
  <testcase name="addNewCustomer2" time="0.969" classname="com.banking.testCases.TC_NewCustomer_DDT_001"/>
</testsuite> <!-- Banking Test -->
