<?xml version="1.0" encoding="UTF-8"?>
<!-- Generated by org.testng.reporters.JUnitXMLReporter -->
<testsuite hostname="Hitu-Mehul" ignored="0" name="Default test" tests="3" failures="0" timestamp="30 Apr 2019 19:16:15 GMT" time="17.466" errors="0">
  <testcase name="addNewCustomer2" time="1.077" classname="com.banking.testCases.TC_NewCustomer_DDT_001"/>
  <testcase name="addNewCustomer2" time="0.862" classname="com.banking.testCases.TC_NewCustomer_DDT_001"/>
  <testcase name="addNewCustomer2" time="0.901" classname="com.banking.testCases.TC_NewCustomer_DDT_001"/>
</testsuite> <!-- Default test -->
