<?xml version="1.0" encoding="UTF-8"?>
<testng-results skipped="0" failed="0" ignored="0" total="2" passed="2">
  <reporter-output>
  </reporter-output>
  <suite name="demoBanking" duration-ms="10977" started-at="2019-04-17T22:01:41Z" finished-at="2019-04-17T22:01:52Z">
    <groups>
    </groups>
    <test name="Banking Test" duration-ms="10977" started-at="2019-04-17T22:01:41Z" finished-at="2019-04-17T22:01:52Z">
      <class name="com.banking.testCases.TC_LoginTest_001">
        <test-method status="PASS" signature="setUp()[pri:0, instance:com.banking.testCases.TC_LoginTest_001@337d0578]" name="setUp" is-config="true" duration-ms="4990" started-at="2019-04-17T22:01:42Z" finished-at="2019-04-17T22:01:47Z">
          <reporter-output>
          </reporter-output>
        </test-method> <!-- setUp -->
        <test-method status="PASS" signature="getGoogleTitle()[pri:0, instance:com.banking.testCases.TC_LoginTest_001@337d0578]" name="getGoogleTitle" duration-ms="1392" started-at="2019-04-17T22:01:47Z" finished-at="2019-04-17T22:01:48Z">
          <reporter-output>
          </reporter-output>
        </test-method> <!-- getGoogleTitle -->
        <test-method status="PASS" signature="getfbTitle()[pri:0, instance:com.banking.testCases.TC_LoginTest_001@337d0578]" name="getfbTitle" duration-ms="3700" started-at="2019-04-17T22:01:48Z" finished-at="2019-04-17T22:01:52Z">
          <reporter-output>
          </reporter-output>
        </test-method> <!-- getfbTitle -->
        <test-method status="PASS" signature="tearDown()[pri:0, instance:com.banking.testCases.TC_LoginTest_001@337d0578]" name="tearDown" is-config="true" duration-ms="630" started-at="2019-04-17T22:01:52Z" finished-at="2019-04-17T22:01:52Z">
          <reporter-output>
          </reporter-output>
        </test-method> <!-- tearDown -->
      </class> <!-- com.banking.testCases.TC_LoginTest_001 -->
    </test> <!-- Banking Test -->
  </suite> <!-- demoBanking -->
</testng-results>
