<?xml version="1.0" encoding="UTF-8"?>
<testng-results skipped="0" failed="0" ignored="0" total="10" passed="10">
  <reporter-output>
  </reporter-output>
  <suite name="demoBanking" duration-ms="52102" started-at="2019-04-30T19:16:33Z" finished-at="2019-04-30T19:17:25Z">
    <groups>
    </groups>
    <test name="Banking Test" duration-ms="52102" started-at="2019-04-30T19:16:33Z" finished-at="2019-04-30T19:17:25Z">
      <class name="com.banking.testCases.TC_LoginTest_001">
        <test-method status="PASS" signature="setUp()[pri:0, instance:com.banking.testCases.TC_LoginTest_001@239963d8]" name="setUp" is-config="true" duration-ms="4062" started-at="2019-04-30T19:16:34Z" finished-at="2019-04-30T19:16:38Z">
          <reporter-output>
          </reporter-output>
        </test-method> <!-- setUp -->
        <test-method status="PASS" signature="getGoogleTitle()[pri:0, instance:com.banking.testCases.TC_LoginTest_001@239963d8]" name="getGoogleTitle" duration-ms="1236" started-at="2019-04-30T19:16:38Z" finished-at="2019-04-30T19:16:39Z">
          <reporter-output>
          </reporter-output>
        </test-method> <!-- getGoogleTitle -->
        <test-method status="PASS" signature="getfbTitle()[pri:0, instance:com.banking.testCases.TC_LoginTest_001@239963d8]" name="getfbTitle" duration-ms="3192" started-at="2019-04-30T19:16:39Z" finished-at="2019-04-30T19:16:42Z">
          <reporter-output>
          </reporter-output>
        </test-method> <!-- getfbTitle -->
        <test-method status="PASS" signature="loginTest()[pri:0, instance:com.banking.testCases.TC_LoginTest_001@239963d8]" name="loginTest" duration-ms="3956" started-at="2019-04-30T19:16:42Z" finished-at="2019-04-30T19:16:46Z">
          <reporter-output>
          </reporter-output>
        </test-method> <!-- loginTest -->
        <test-method status="PASS" signature="tearDown()[pri:0, instance:com.banking.testCases.TC_LoginTest_001@239963d8]" name="tearDown" is-config="true" duration-ms="711" started-at="2019-04-30T19:16:46Z" finished-at="2019-04-30T19:16:47Z">
          <reporter-output>
          </reporter-output>
        </test-method> <!-- tearDown -->
      </class> <!-- com.banking.testCases.TC_LoginTest_001 -->
      <class name="com.banking.testCases.TC_NewCustomer_DDT_001">
        <test-method status="PASS" signature="setUp()[pri:0, instance:com.banking.testCases.TC_NewCustomer_DDT_001@31ef45e3]" name="setUp" is-config="true" duration-ms="3404" started-at="2019-04-30T19:17:07Z" finished-at="2019-04-30T19:17:11Z">
          <reporter-output>
          </reporter-output>
        </test-method> <!-- setUp -->
        <test-method status="PASS" signature="setLogin()[pri:0, instance:com.banking.testCases.TC_NewCustomer_DDT_001@31ef45e3]" name="setLogin" is-config="true" duration-ms="4359" started-at="2019-04-30T19:17:12Z" finished-at="2019-04-30T19:17:16Z">
          <reporter-output>
          </reporter-output>
        </test-method> <!-- setLogin -->
        <test-method status="PASS" signature="addNewCustomer2(java.lang.String, java.lang.String, java.lang.String, java.lang.String, java.lang.String, java.lang.String, java.lang.String, java.lang.String, java.lang.String, java.lang.String)[pri:0, instance:com.banking.testCases.TC_NewCustomer_DDT_001@31ef45e3]" name="addNewCustomer2" duration-ms="945" started-at="2019-04-30T19:17:16Z" data-provider="TestData" finished-at="2019-04-30T19:17:17Z">
          <params>
            <param index="0">
              <value>
                <![CDATA[Mehul]]>
              </value>
            </param>
            <param index="1">
              <value>
                <![CDATA[m]]>
              </value>
            </param>
            <param index="2">
              <value>
                <![CDATA[07/15/91]]>
              </value>
            </param>
            <param index="3">
              <value>
                <![CDATA[abcd 123]]>
              </value>
            </param>
            <param index="4">
              <value>
                <![CDATA[Edison]]>
              </value>
            </param>
            <param index="5">
              <value>
                <![CDATA[NJ]]>
              </value>
            </param>
            <param index="6">
              <value>
                <![CDATA[08817]]>
              </value>
            </param>
            <param index="7">
              <value>
                <![CDATA[9990909090]]>
              </value>
            </param>
            <param index="8">
              <value>
                <![CDATA[mmm123@yahoo.com]]>
              </value>
            </param>
            <param index="9">
              <value>
                <![CDATA[Mmm123]]>
              </value>
            </param>
          </params>
          <reporter-output>
          </reporter-output>
        </test-method> <!-- addNewCustomer2 -->
        <test-method status="PASS" signature="setLogin()[pri:0, instance:com.banking.testCases.TC_NewCustomer_DDT_001@31ef45e3]" name="setLogin" is-config="true" duration-ms="2272" started-at="2019-04-30T19:17:17Z" finished-at="2019-04-30T19:17:20Z">
          <reporter-output>
          </reporter-output>
        </test-method> <!-- setLogin -->
        <test-method status="PASS" signature="addNewCustomer2(java.lang.String, java.lang.String, java.lang.String, java.lang.String, java.lang.String, java.lang.String, java.lang.String, java.lang.String, java.lang.String, java.lang.String)[pri:0, instance:com.banking.testCases.TC_NewCustomer_DDT_001@31ef45e3]" name="addNewCustomer2" duration-ms="1279" started-at="2019-04-30T19:17:20Z" data-provider="TestData" finished-at="2019-04-30T19:17:21Z">
          <params>
            <param index="0">
              <value>
                <![CDATA[Hitu]]>
              </value>
            </param>
            <param index="1">
              <value>
                <![CDATA[f]]>
              </value>
            </param>
            <param index="2">
              <value>
                <![CDATA[07/30/91]]>
              </value>
            </param>
            <param index="3">
              <value>
                <![CDATA[xyz 11]]>
              </value>
            </param>
            <param index="4">
              <value>
                <![CDATA[Camdon]]>
              </value>
            </param>
            <param index="5">
              <value>
                <![CDATA[NY]]>
              </value>
            </param>
            <param index="6">
              <value>
                <![CDATA[08819]]>
              </value>
            </param>
            <param index="7">
              <value>
                <![CDATA[1212121212]]>
              </value>
            </param>
            <param index="8">
              <value>
                <![CDATA[hhh111@yahoo.com]]>
              </value>
            </param>
            <param index="9">
              <value>
                <![CDATA[Hhh123]]>
              </value>
            </param>
          </params>
          <reporter-output>
          </reporter-output>
        </test-method> <!-- addNewCustomer2 -->
        <test-method status="PASS" signature="setLogin()[pri:0, instance:com.banking.testCases.TC_NewCustomer_DDT_001@31ef45e3]" name="setLogin" is-config="true" duration-ms="2858" started-at="2019-04-30T19:17:21Z" finished-at="2019-04-30T19:17:24Z">
          <reporter-output>
          </reporter-output>
        </test-method> <!-- setLogin -->
        <test-method status="PASS" signature="addNewCustomer2(java.lang.String, java.lang.String, java.lang.String, java.lang.String, java.lang.String, java.lang.String, java.lang.String, java.lang.String, java.lang.String, java.lang.String)[pri:0, instance:com.banking.testCases.TC_NewCustomer_DDT_001@31ef45e3]" name="addNewCustomer2" duration-ms="969" started-at="2019-04-30T19:17:24Z" data-provider="TestData" finished-at="2019-04-30T19:17:25Z">
          <params>
            <param index="0">
              <value>
                <![CDATA[Ankit]]>
              </value>
            </param>
            <param index="1">
              <value>
                <![CDATA[m]]>
              </value>
            </param>
            <param index="2">
              <value>
                <![CDATA[01/30/93]]>
              </value>
            </param>
            <param index="3">
              <value>
                <![CDATA[aaa 123]]>
              </value>
            </param>
            <param index="4">
              <value>
                <![CDATA[borsad]]>
              </value>
            </param>
            <param index="5">
              <value>
                <![CDATA[guj]]>
              </value>
            </param>
            <param index="6">
              <value>
                <![CDATA[388540]]>
              </value>
            </param>
            <param index="7">
              <value>
                <![CDATA[9898980000]]>
              </value>
            </param>
            <param index="8">
              <value>
                <![CDATA[aaa123@yahoo.com]]>
              </value>
            </param>
            <param index="9">
              <value>
                <![CDATA[Aaa123]]>
              </value>
            </param>
          </params>
          <reporter-output>
          </reporter-output>
        </test-method> <!-- addNewCustomer2 -->
        <test-method status="PASS" signature="tearDown()[pri:0, instance:com.banking.testCases.TC_NewCustomer_DDT_001@31ef45e3]" name="tearDown" is-config="true" duration-ms="632" started-at="2019-04-30T19:17:25Z" finished-at="2019-04-30T19:17:25Z">
          <reporter-output>
          </reporter-output>
        </test-method> <!-- tearDown -->
      </class> <!-- com.banking.testCases.TC_NewCustomer_DDT_001 -->
      <class name="com.banking.testCases.TC_LoginDDT_002">
        <test-method status="PASS" signature="setUp()[pri:0, instance:com.banking.testCases.TC_LoginDDT_002@3abbfa04]" name="setUp" is-config="true" duration-ms="3478" started-at="2019-04-30T19:16:47Z" finished-at="2019-04-30T19:16:50Z">
          <reporter-output>
          </reporter-output>
        </test-method> <!-- setUp -->
        <test-method status="PASS" signature="getData(java.lang.String, java.lang.String)[pri:0, instance:com.banking.testCases.TC_LoginDDT_002@3abbfa04]" name="getData" duration-ms="3329" started-at="2019-04-30T19:16:50Z" data-provider="loginData" finished-at="2019-04-30T19:16:54Z">
          <params>
            <param index="0">
              <value>
                <![CDATA[abcd]]>
              </value>
            </param>
            <param index="1">
              <value>
                <![CDATA[abcd123]]>
              </value>
            </param>
          </params>
          <reporter-output>
          </reporter-output>
        </test-method> <!-- getData -->
        <test-method status="PASS" signature="getData(java.lang.String, java.lang.String)[pri:0, instance:com.banking.testCases.TC_LoginDDT_002@3abbfa04]" name="getData" duration-ms="1670" started-at="2019-04-30T19:16:54Z" data-provider="loginData" finished-at="2019-04-30T19:16:55Z">
          <params>
            <param index="0">
              <value>
                <![CDATA[xyz123]]>
              </value>
            </param>
            <param index="1">
              <value>
                <![CDATA[xyz123]]>
              </value>
            </param>
          </params>
          <reporter-output>
          </reporter-output>
        </test-method> <!-- getData -->
        <test-method status="PASS" signature="tearDown()[pri:0, instance:com.banking.testCases.TC_LoginDDT_002@3abbfa04]" name="tearDown" is-config="true" duration-ms="690" started-at="2019-04-30T19:16:55Z" finished-at="2019-04-30T19:16:56Z">
          <reporter-output>
          </reporter-output>
        </test-method> <!-- tearDown -->
      </class> <!-- com.banking.testCases.TC_LoginDDT_002 -->
      <class name="com.banking.testCases.TC_HomePageLinks_001">
        <test-method status="PASS" signature="setUp()[pri:0, instance:com.banking.testCases.TC_HomePageLinks_001@57fffcd7]" name="setUp" is-config="true" duration-ms="3472" started-at="2019-04-30T19:16:56Z" finished-at="2019-04-30T19:16:59Z">
          <reporter-output>
          </reporter-output>
        </test-method> <!-- setUp -->
        <test-method status="PASS" signature="setLogin()[pri:0, instance:com.banking.testCases.TC_HomePageLinks_001@57fffcd7]" name="setLogin" is-config="true" duration-ms="4218" started-at="2019-04-30T19:16:59Z" finished-at="2019-04-30T19:17:04Z">
          <reporter-output>
          </reporter-output>
        </test-method> <!-- setLogin -->
        <test-method status="PASS" signature="clickOnEditCustomer()[pri:0, instance:com.banking.testCases.TC_HomePageLinks_001@57fffcd7]" name="clickOnEditCustomer" duration-ms="586" started-at="2019-04-30T19:17:04Z" finished-at="2019-04-30T19:17:04Z">
          <reporter-output>
          </reporter-output>
        </test-method> <!-- clickOnEditCustomer -->
        <test-method status="PASS" signature="setLogin()[pri:0, instance:com.banking.testCases.TC_HomePageLinks_001@57fffcd7]" name="setLogin" is-config="true" duration-ms="1536" started-at="2019-04-30T19:17:04Z" finished-at="2019-04-30T19:17:06Z">
          <reporter-output>
          </reporter-output>
        </test-method> <!-- setLogin -->
        <test-method status="PASS" signature="clickOnNewCustomer()[pri:0, instance:com.banking.testCases.TC_HomePageLinks_001@57fffcd7]" name="clickOnNewCustomer" duration-ms="692" started-at="2019-04-30T19:17:06Z" finished-at="2019-04-30T19:17:06Z">
          <reporter-output>
          </reporter-output>
        </test-method> <!-- clickOnNewCustomer -->
        <test-method status="PASS" signature="tearDown()[pri:0, instance:com.banking.testCases.TC_HomePageLinks_001@57fffcd7]" name="tearDown" is-config="true" duration-ms="667" started-at="2019-04-30T19:17:06Z" finished-at="2019-04-30T19:17:07Z">
          <reporter-output>
          </reporter-output>
        </test-method> <!-- tearDown -->
      </class> <!-- com.banking.testCases.TC_HomePageLinks_001 -->
    </test> <!-- Banking Test -->
  </suite> <!-- demoBanking -->
</testng-results>
